C:\git\node.net\Debug\tsqlftw.exp
C:\GIT\NODE.NET\DEBUG\TSQLFTW.ILK
C:\git\node.net\Debug\tsqlftw.lib
C:\GIT\NODE.NET\DEBUG\TSQLFTW.NODE
C:\GIT\NODE.NET\DEBUG\TSQLFTW.PDB
C:\GIT\NODE.NET\TSQLFTW\DEBUG\.NETFRAMEWORK,VERSION=V4.0.ASSEMBLYATTRIBUTES.OBJ
C:\git\node.net\tsqlftw\Debug\cl.command.1.tlog
C:\git\node.net\tsqlftw\Debug\CL.read.1.tlog
C:\git\node.net\tsqlftw\Debug\CL.write.1.tlog
C:\git\node.net\tsqlftw\Debug\link.616.read.1.tlog
C:\git\node.net\tsqlftw\Debug\link.616.write.1.tlog
C:\git\node.net\tsqlftw\Debug\link.command.1.tlog
C:\git\node.net\tsqlftw\Debug\link.read.1.tlog
C:\git\node.net\tsqlftw\Debug\link.write.1.tlog
C:\git\node.net\tsqlftw\Debug\metagen.read.1.tlog
C:\GIT\NODE.NET\TSQLFTW\DEBUG\METAGEN.WRITE.1.TLOG
C:\git\node.net\tsqlftw\Debug\mt.command.1.tlog
C:\git\node.net\tsqlftw\Debug\mt.read.1.tlog
C:\git\node.net\tsqlftw\Debug\mt.write.1.tlog
C:\git\node.net\tsqlftw\Debug\RSAENH.DLL.bi
C:\GIT\NODE.NET\TSQLFTW\DEBUG\TSQLFTW.NODE.INTERMEDIATE.MANIFEST
C:\GIT\NODE.NET\TSQLFTW\DEBUG\TSQLFTW.OBJ
C:\git\node.net\tsqlftw\Debug\tsqlftw.write.1.tlog
C:\GIT\NODE.NET\TSQLFTW\DEBUG\TSQLFTWHELPER.OBJ
C:\git\node.net\tsqlftw\Debug\TSQLFTWLIB.DLL.metagen
C:\git\node.net\tsqlftw\Debug\TZRES.DLL.bi
C:\GIT\NODE.NET\TSQLFTW\DEBUG\VC100.PDB
